<?xml version="1.0" encoding="UTF-8"?>
<testng-results skipped="0" failed="0" total="1" passed="1">
  <reporter-output>
  </reporter-output>
  <suite name="Default suite" duration-ms="3024" started-at="2018-09-09T17:19:37Z" finished-at="2018-09-09T17:19:40Z">
    <groups>
    </groups>
    <test name="Default test" duration-ms="3024" started-at="2018-09-09T17:19:37Z" finished-at="2018-09-09T17:19:40Z">
      <class name="com.api.test.ListOfUsers">
        <test-method status="PASS" signature="testSingleUserNegative()[pri:0, instance:com.api.test.ListOfUsers@58651fd0]" name="testSingleUserNegative" duration-ms="2960" started-at="2018-09-09T13:19:37Z" finished-at="2018-09-09T13:19:40Z">
          <reporter-output>
          </reporter-output>
        </test-method> <!-- testSingleUserNegative -->
      </class> <!-- com.api.test.ListOfUsers -->
    </test> <!-- Default test -->
  </suite> <!-- Default suite -->
</testng-results>
